[bitcoineranew.com/index.html]
[backblue.gif]
[fade.gif]
[index.html]
[bitcoineranew.com/de/index.html]
[bitcoineranew.com/it/index.html]
[bitcoineranew.com/es/index.html]
[bitcoineranew.com/dk/index.html]
[bitcoineranew.com/fi/index.html]
[bitcoineranew.com/pt/index.html]
[bitcoineranew.com/se/index.html]
[bitcoineranew.com/pl/index.html]
[bitcoineranew.com/nl/index.html]
[bitcoineranew.com/no/index.html]
[bitcoineranew.com/ru/index.html]
[bitcoineranew.com/ms/index.html]
[bitcoineranew.com/tr/index.html]
[bitcoineranew.com/ph/index.html]
[bitcoineranew.com/th/index.html]
[d3e54v103j8qbb.cloudfront.net/js/jquery-3.5.1.min.dc5e7f18c8cb79.js]
[cdnjs.cloudflare.com/ajax/libs/flag-icon-css/3.4.6/css/flag-icon.min.css]
[api.bitcoineranew.com/dist/css/integration.css]
[api.bitcoineranew.com/dist/js/integration.js]
[ajax.googleapis.com/ajax/libs/webfont/1.6.26/webfont.js]
[bitcoineranew.com/index.html]
[bitcoineranew.com/de/index.html]
[bitcoineranew.com/it/index.html]
[bitcoineranew.com/es/index.html]
[bitcoineranew.com/dk/index.html]
[bitcoineranew.com/fi/index.html]
[bitcoineranew.com/pl/index.html]
[bitcoineranew.com/nl/index.html]
[bitcoineranew.com/se/index.html]
[bitcoineranew.com/pt/index.html]
[bitcoineranew.com/no/index.html]
[bitcoineranew.com/ru/index.html]
[bitcoineranew.com/ms/index.html]
[bitcoineranew.com/tr/index.html]
[bitcoineranew.com/ph/index.html]
[bitcoineranew.com/th/index.html]
[www.googletagmanager.com/gtm5445.html]
[cdnjs.cloudflare.com/ajax/libs/flag-icon-css/3.4.6/css/flag-icon.min.css]
[api.bitcoineranew.com/dist/css/integration.css]
[/css/normalize.css]
[/css/components.css]
[/css/bitcoineranew.css]
[/images/webclip.png]
[/images/logo.png]
[/images/poster_index.jpg]
[/images/software1.png]
[/images/software2.png]
[/images/software3.png]
[/images/user1.jpg]
[/images/user2.jpg]
[/images/user3.jpg]
[/images/user4.jpg]
[/images/trading1.png]
[/images/trading2.png]
[/images/trading3.png]
[/images/step-1.png]
[/images/step-2.png]
[/images/step-3.png]
[/images/system1.jpg]
[/images/system2.jpg]
[/images/features1.png]
[/images/features2.png]
[/images/features3.png]
[/images/features4.png]
[/js/bitcoineranew.js]
